# JRE version: OpenJDK Runtime Environment (11.0.13) (build 11.0.13+0-b1751.21-8125866)
# Java VM: OpenJDK 64-Bit Server VM (11.0.13+0-b1751.21-8125866, mixed mode, tiered, compressed oops, g1 gc, windows-amd64)
Heap:
 garbage-first heap   total 433152K, used 196608K [0x0000000080000000, 0x0000000100000000)
  region size 1024K, 29 young (29696K), 13 survivors (13312K)
 Metaspace       used 96608K, capacity 99061K, committed 99152K, reserved 1134592K
  class space    used 12671K, capacity 13648K, committed 13696K, reserved 1048576K
GC Heap History (20 events):
Event: 9.912 GC heap before
{Heap before GC invocations=33 (full 0):
 garbage-first heap   total 110592K, used 86715K [0x0000000080000000, 0x0000000100000000)
  region size 1024K, 36 young (36864K), 4 survivors (4096K)
 Metaspace       used 65118K, capacity 66607K, committed 66896K, reserved 1107968K
  class space    used 8218K, capacity 8776K, committed 8832K, reserved 1048576K
}
Event: 9.920 GC heap after
{Heap after GC invocations=34 (full 0):
 garbage-first heap   total 174080K, used 54983K [0x0000000080000000, 0x0000000100000000)
  region size 1024K, 4 young (4096K), 4 survivors (4096K)
 Metaspace       used 65118K, capacity 66607K, committed 66896K, reserved 1107968K
  class space    used 8218K, capacity 8776K, committed 8832K, reserved 1048576K
}
Event: 11.135 GC heap before
{Heap before GC invocations=34 (full 0):
 garbage-first heap   total 174080K, used 119495K [0x0000000080000000, 0x0000000100000000)
  region size 1024K, 67 young (68608K), 4 survivors (4096K)
 Metaspace       used 70899K, capacity 72500K, committed 72784K, reserved 1112064K
  class space    used 9139K, capacity 9751K, committed 9856K, reserved 1048576K
}
Event: 11.157 GC heap after
{Heap after GC invocations=35 (full 0):
 garbage-first heap   total 174080K, used 58734K [0x0000000080000000, 0x0000000100000000)
  region size 1024K, 8 young (8192K), 8 survivors (8192K)
 Metaspace       used 70899K, capacity 72500K, committed 72784K, reserved 1112064K
  class space    used 9139K, capacity 9751K, committed 9856K, reserved 1048576K
}
Event: 12.154 GC heap before
{Heap before GC invocations=35 (full 0):
 garbage-first heap   total 174080K, used 127342K [0x0000000080000000, 0x0000000100000000)
  region size 1024K, 75 young (76800K), 8 survivors (8192K)
 Metaspace       used 76772K, capacity 78504K, committed 78800K, reserved 1118208K
  class space    used 9998K, capacity 10634K, committed 10752K, reserved 1048576K
}
Event: 12.172 GC heap after
{Heap after GC invocations=36 (full 0):
 garbage-first heap   total 174080K, used 62921K [0x0000000080000000, 0x0000000100000000)
  region size 1024K, 8 young (8192K), 8 survivors (8192K)
 Metaspace       used 76772K, capacity 78504K, committed 78800K, reserved 1118208K
  class space    used 9998K, capacity 10634K, committed 10752K, reserved 1048576K
}
Event: 13.149 GC heap before
{Heap before GC invocations=36 (full 0):
 garbage-first heap   total 174080K, used 133577K [0x0000000080000000, 0x0000000100000000)
  region size 1024K, 78 young (79872K), 8 survivors (8192K)
 Metaspace       used 81692K, capacity 83898K, committed 84048K, reserved 1122304K
  class space    used 10739K, capacity 11564K, committed 11648K, reserved 1048576K
}
Event: 13.168 GC heap after
{Heap after GC invocations=37 (full 0):
 garbage-first heap   total 174080K, used 68352K [0x0000000080000000, 0x0000000100000000)
  region size 1024K, 10 young (10240K), 10 survivors (10240K)
 Metaspace       used 81692K, capacity 83898K, committed 84048K, reserved 1122304K
  class space    used 10739K, capacity 11564K, committed 11648K, reserved 1048576K
}
Event: 13.863 GC heap before
{Heap before GC invocations=37 (full 0):
 garbage-first heap   total 174080K, used 136960K [0x0000000080000000, 0x0000000100000000)
  region size 1024K, 78 young (79872K), 10 survivors (10240K)
 Metaspace       used 82495K, capacity 84702K, committed 84816K, reserved 1122304K
  class space    used 10792K, capacity 11633K, committed 11648K, reserved 1048576K
}
Event: 13.886 GC heap after
{Heap after GC invocations=38 (full 0):
 garbage-first heap   total 218112K, used 73301K [0x0000000080000000, 0x0000000100000000)
  region size 1024K, 10 young (10240K), 10 survivors (10240K)
 Metaspace       used 82495K, capacity 84702K, committed 84816K, reserved 1122304K
  class space    used 10792K, capacity 11633K, committed 11648K, reserved 1048576K
}
Event: 14.988 GC heap before
{Heap before GC invocations=38 (full 0):
 garbage-first heap   total 218112K, used 156245K [0x0000000080000000, 0x0000000100000000)
  region size 1024K, 92 young (94208K), 10 survivors (10240K)
 Metaspace       used 85005K, capacity 87251K, committed 87376K, reserved 1124352K
  class space    used 11031K, capacity 11894K, committed 11904K, reserved 1048576K
}
Event: 15.030 GC heap after
{Heap after GC invocations=39 (full 0):
 garbage-first heap   total 218112K, used 78302K [0x0000000080000000, 0x0000000100000000)
  region size 1024K, 10 young (10240K), 10 survivors (10240K)
 Metaspace       used 85005K, capacity 87251K, committed 87376K, reserved 1124352K
  class space    used 11031K, capacity 11894K, committed 11904K, reserved 1048576K
}
Event: 15.694 GC heap before
{Heap before GC invocations=39 (full 0):
 garbage-first heap   total 218112K, used 180702K [0x0000000080000000, 0x0000000100000000)
  region size 1024K, 84 young (86016K), 10 survivors (10240K)
 Metaspace       used 91082K, capacity 93429K, committed 93520K, reserved 1130496K
  class space    used 11809K, capacity 12672K, committed 12672K, reserved 1048576K
}
Event: 15.715 GC heap after
{Heap after GC invocations=40 (full 0):
 garbage-first heap   total 218112K, used 108185K [0x0000000080000000, 0x0000000100000000)
  region size 1024K, 12 young (12288K), 12 survivors (12288K)
 Metaspace       used 91082K, capacity 93429K, committed 93520K, reserved 1130496K
  class space    used 11809K, capacity 12672K, committed 12672K, reserved 1048576K
}
Event: 16.691 GC heap before
{Heap before GC invocations=41 (full 0):
 garbage-first heap   total 218112K, used 189081K [0x0000000080000000, 0x0000000100000000)
  region size 1024K, 79 young (80896K), 12 survivors (12288K)
 Metaspace       used 93453K, capacity 95638K, committed 95824K, reserved 1132544K
  class space    used 12265K, capacity 13098K, committed 13184K, reserved 1048576K
}
Event: 16.869 GC heap after
{Heap after GC invocations=42 (full 0):
 garbage-first heap   total 227328K, used 136431K [0x0000000080000000, 0x0000000100000000)
  region size 1024K, 10 young (10240K), 10 survivors (10240K)
 Metaspace       used 93453K, capacity 95638K, committed 95824K, reserved 1132544K
  class space    used 12265K, capacity 13098K, committed 13184K, reserved 1048576K
}
Event: 17.084 GC heap before
{Heap before GC invocations=42 (full 0):
 garbage-first heap   total 227328K, used 179439K [0x0000000080000000, 0x0000000100000000)
  region size 1024K, 52 young (53248K), 10 survivors (10240K)
 Metaspace       used 93652K, capacity 95849K, committed 96080K, reserved 1132544K
  class space    used 12267K, capacity 13099K, committed 13184K, reserved 1048576K
}
Event: 17.242 GC heap after
{Heap after GC invocations=43 (full 0):
 garbage-first heap   total 433152K, used 158720K [0x0000000080000000, 0x0000000100000000)
  region size 1024K, 7 young (7168K), 7 survivors (7168K)
 Metaspace       used 93652K, capacity 95849K, committed 96080K, reserved 1132544K
  class space    used 12267K, capacity 13099K, committed 13184K, reserved 1048576K
}
Event: 19.320 GC heap before
{Heap before GC invocations=44 (full 0):
 garbage-first heap   total 433152K, used 252928K [0x0000000080000000, 0x0000000100000000)
  region size 1024K, 100 young (102400K), 7 survivors (7168K)
 Metaspace       used 96538K, capacity 99015K, committed 99152K, reserved 1134592K
  class space    used 12664K, capacity 13635K, committed 13696K, reserved 1048576K
}
Event: 19.385 GC heap after
{Heap after GC invocations=45 (full 0):
 garbage-first heap   total 433152K, used 181248K [0x0000000080000000, 0x0000000100000000)
  region size 1024K, 13 young (13312K), 13 survivors (13312K)
 Metaspace       used 96538K, capacity 99015K, committed 99152K, reserved 1134592K
  class space    used 12664K, capacity 13635K, committed 13696K, reserved 1048576K
}

