# JRE version: OpenJDK Runtime Environment (11.0.13) (build 11.0.13+0-b1751.21-8125866)
# Java VM: OpenJDK 64-Bit Server VM (11.0.13+0-b1751.21-8125866, mixed mode, tiered, compressed oops, g1 gc, windows-amd64)
Heap:
 garbage-first heap   total 444416K, used 312199K [0x0000000080000000, 0x0000000100000000)
  region size 1024K, 182 young (186368K), 18 survivors (18432K)
 Metaspace       used 107268K, capacity 109972K, committed 110160K, reserved 1148928K
  class space    used 13630K, capacity 14626K, committed 14720K, reserved 1048576K
GC Heap History (20 events):
Event: 20.878 GC heap before
{Heap before GC invocations=38 (full 0):
 garbage-first heap   total 281600K, used 156672K [0x0000000080000000, 0x0000000100000000)
  region size 1024K, 31 young (31744K), 4 survivors (4096K)
 Metaspace       used 84970K, capacity 87038K, committed 87632K, reserved 1124352K
  class space    used 10964K, capacity 11742K, committed 11904K, reserved 1048576K
}
Event: 20.904 GC heap after
{Heap after GC invocations=39 (full 0):
 garbage-first heap   total 281600K, used 131072K [0x0000000080000000, 0x0000000100000000)
  region size 1024K, 7 young (7168K), 7 survivors (7168K)
 Metaspace       used 84970K, capacity 87038K, committed 87632K, reserved 1124352K
  class space    used 10964K, capacity 11742K, committed 11904K, reserved 1048576K
}
Event: 21.713 GC heap before
{Heap before GC invocations=39 (full 0):
 garbage-first heap   total 281600K, used 186368K [0x0000000080000000, 0x0000000100000000)
  region size 1024K, 57 young (58368K), 7 survivors (7168K)
 Metaspace       used 85201K, capacity 87234K, committed 87888K, reserved 1126400K
  class space    used 10974K, capacity 11742K, committed 11904K, reserved 1048576K
}
Event: 21.739 GC heap after
{Heap after GC invocations=40 (full 0):
 garbage-first heap   total 281600K, used 136659K [0x0000000080000000, 0x0000000100000000)
  region size 1024K, 8 young (8192K), 8 survivors (8192K)
 Metaspace       used 85201K, capacity 87234K, committed 87888K, reserved 1126400K
  class space    used 10974K, capacity 11742K, committed 11904K, reserved 1048576K
}
Event: 21.820 GC heap before
{Heap before GC invocations=41 (full 0):
 garbage-first heap   total 281600K, used 146899K [0x0000000080000000, 0x0000000100000000)
  region size 1024K, 19 young (19456K), 8 survivors (8192K)
 Metaspace       used 85228K, capacity 87235K, committed 87888K, reserved 1126400K
  class space    used 10976K, capacity 11742K, committed 11904K, reserved 1048576K
}
Event: 21.846 GC heap after
{Heap after GC invocations=42 (full 0):
 garbage-first heap   total 281600K, used 145360K [0x0000000080000000, 0x0000000100000000)
  region size 1024K, 8 young (8192K), 8 survivors (8192K)
 Metaspace       used 85228K, capacity 87235K, committed 87888K, reserved 1126400K
  class space    used 10976K, capacity 11742K, committed 11904K, reserved 1048576K
}
Event: 22.152 GC heap before
{Heap before GC invocations=43 (full 0):
 garbage-first heap   total 281600K, used 216016K [0x0000000080000000, 0x0000000100000000)
  region size 1024K, 50 young (51200K), 8 survivors (8192K)
 Metaspace       used 85828K, capacity 87891K, committed 88528K, reserved 1126400K
  class space    used 11026K, capacity 11795K, committed 12032K, reserved 1048576K
}
Event: 22.223 GC heap after
{Heap after GC invocations=44 (full 0):
 garbage-first heap   total 337920K, used 152304K [0x0000000080000000, 0x0000000100000000)
  region size 1024K, 7 young (7168K), 7 survivors (7168K)
 Metaspace       used 85828K, capacity 87891K, committed 88528K, reserved 1126400K
  class space    used 11026K, capacity 11795K, committed 12032K, reserved 1048576K
}
Event: 22.909 GC heap before
{Heap before GC invocations=44 (full 0):
 garbage-first heap   total 337920K, used 211696K [0x0000000080000000, 0x0000000100000000)
  region size 1024K, 66 young (67584K), 7 survivors (7168K)
 Metaspace       used 89611K, capacity 91722K, committed 92112K, reserved 1128448K
  class space    used 11316K, capacity 12124K, committed 12288K, reserved 1048576K
}
Event: 22.963 GC heap after
{Heap after GC invocations=45 (full 0):
 garbage-first heap   total 337920K, used 159789K [0x0000000080000000, 0x0000000100000000)
  region size 1024K, 8 young (8192K), 8 survivors (8192K)
 Metaspace       used 89611K, capacity 91722K, committed 92112K, reserved 1128448K
  class space    used 11316K, capacity 12124K, committed 12288K, reserved 1048576K
}
Event: 23.286 GC heap before
{Heap before GC invocations=45 (full 0):
 garbage-first heap   total 337920K, used 222253K [0x0000000080000000, 0x0000000100000000)
  region size 1024K, 69 young (70656K), 8 survivors (8192K)
 Metaspace       used 90097K, capacity 92230K, committed 92624K, reserved 1130496K
  class space    used 11347K, capacity 12158K, committed 12288K, reserved 1048576K
}
Event: 23.312 GC heap after
{Heap after GC invocations=46 (full 0):
 garbage-first heap   total 337920K, used 165999K [0x0000000080000000, 0x0000000100000000)
  region size 1024K, 7 young (7168K), 7 survivors (7168K)
 Metaspace       used 90097K, capacity 92230K, committed 92624K, reserved 1130496K
  class space    used 11347K, capacity 12158K, committed 12288K, reserved 1048576K
}
Event: 23.761 GC heap before
{Heap before GC invocations=47 (full 0):
 garbage-first heap   total 337920K, used 189551K [0x0000000080000000, 0x0000000100000000)
  region size 1024K, 77 young (78848K), 7 survivors (7168K)
 Metaspace       used 91044K, capacity 93120K, committed 93520K, reserved 1130496K
  class space    used 11420K, capacity 12221K, committed 12416K, reserved 1048576K
}
Event: 23.772 GC heap after
{Heap after GC invocations=48 (full 0):
 garbage-first heap   total 337920K, used 116053K [0x0000000080000000, 0x0000000100000000)
  region size 1024K, 2 young (2048K), 2 survivors (2048K)
 Metaspace       used 91044K, capacity 93120K, committed 93520K, reserved 1130496K
  class space    used 11420K, capacity 12221K, committed 12416K, reserved 1048576K
}
Event: 23.895 GC heap before
{Heap before GC invocations=48 (full 0):
 garbage-first heap   total 337920K, used 129365K [0x0000000080000000, 0x0000000100000000)
  region size 1024K, 16 young (16384K), 2 survivors (2048K)
 Metaspace       used 91319K, capacity 93384K, committed 93776K, reserved 1130496K
  class space    used 11443K, capacity 12222K, committed 12416K, reserved 1048576K
}
Event: 23.900 GC heap after
{Heap after GC invocations=49 (full 0):
 garbage-first heap   total 337920K, used 103850K [0x0000000080000000, 0x0000000100000000)
  region size 1024K, 2 young (2048K), 2 survivors (2048K)
 Metaspace       used 91319K, capacity 93384K, committed 93776K, reserved 1130496K
  class space    used 11443K, capacity 12222K, committed 12416K, reserved 1048576K
}
Event: 27.861 GC heap before
{Heap before GC invocations=49 (full 0):
 garbage-first heap   total 337920K, used 253354K [0x0000000080000000, 0x0000000100000000)
  region size 1024K, 149 young (152576K), 2 survivors (2048K)
 Metaspace       used 96072K, capacity 98258K, committed 98640K, reserved 1134592K
  class space    used 11991K, capacity 12794K, committed 12928K, reserved 1048576K
}
Event: 27.899 GC heap after
{Heap after GC invocations=50 (full 0):
 garbage-first heap   total 337920K, used 110088K [0x0000000080000000, 0x0000000100000000)
  region size 1024K, 9 young (9216K), 9 survivors (9216K)
 Metaspace       used 96072K, capacity 98258K, committed 98640K, reserved 1134592K
  class space    used 11991K, capacity 12794K, committed 12928K, reserved 1048576K
}
Event: 30.118 GC heap before
{Heap before GC invocations=50 (full 0):
 garbage-first heap   total 337920K, used 287240K [0x0000000080000000, 0x0000000100000000)
  region size 1024K, 144 young (147456K), 9 survivors (9216K)
 Metaspace       used 101990K, capacity 104238K, committed 104528K, reserved 1140736K
  class space    used 12751K, capacity 13588K, committed 13696K, reserved 1048576K
}
Event: 30.174 GC heap after
{Heap after GC invocations=51 (full 0):
 garbage-first heap   total 444416K, used 144263K [0x0000000080000000, 0x0000000100000000)
  region size 1024K, 18 young (18432K), 18 survivors (18432K)
 Metaspace       used 101990K, capacity 104238K, committed 104528K, reserved 1140736K
  class space    used 12751K, capacity 13588K, committed 13696K, reserved 1048576K
}

